DEBUG:pywebview:[WinError 2] 系统找不到指定的文件。
DEBUG:pywebview:[WinError 2] 系统找不到指定的文件。
DEBUG:pywebview:[WinError 2] 系统找不到指定的文件。
DEBUG:pywebview:[WinError 2] 系统找不到指定的文件。
DEBUG:pywebview:Using WinForms / EdgeHTML
INFO:root:sending: A2 A4 00 0C 02 AC 01
INFO:root:serial no.:  status words: 90 0
INFO:root:sending: A2 B0 00 10 10
INFO:root:serial no.: CE 75 46 F9 EE 04 C2 41 F3 59 3C 90 48 A9 55 49 status words: 90 0
INFO:root:sending: A2 D6 00 10 10 89 33 37 8E 27 37 49 8F A2 D6 00 10 10 00 10 10
INFO:root:serial no.:  status words: 90 0
INFO:root:sending: A2 B0 00 10 10
INFO:root:serial no.: 37 0E 6C 22 75 DB 06 17 39 49 A7 65 23 03 BB 75 status words: 90 0
INFO:root:COS写入配置数据
INFO:root:sending: A2 A4 00 0C 02 CF 01
INFO:root:serial no.:  status words: 90 0
INFO:root:sending: A2 D6 C0 40 38 79 6A 5C 51 39 96 54 D3 C7 49 8F 9D 7A CE AD BC 15 E7 62 4F AE 54 87 14 D7 3B 24 A8 BC 2A FF 72 9C 51 95 23 19 F6 92 34 8D B5 06 27 29 FC BA 43 07 FA 43 A2 5E 0C 0D F1
INFO:root:serial no.:  status words: 90 0
INFO:root:sending: A2 D6 C0 78 38 DA 54 36 E3 93 11 F7 2C E3 69 08 FC EF 79 D3 83 81 44 21 15 E5 CF C7 55 21 72 37 39 C6 09 2E 55 00 74 CD FB 8C 5C 63 43 0E 60 A1 DA 3A 84 29 D8 53 6C 9D 0A 42 C9 74 04
INFO:root:serial no.:  status words: 90 0
INFO:root:sending: A2 D6 C0 B0 38 CC 45 93 83 20 1E FD AF CE AE C1 55 EB 4B 57 39 7E 74 BE 2B E9 EE CD 1D AC CA 55 35 23 CB 1A BB 46 4B 38 A4 BA 98 4E D1 8A 09 D9 21 F7 EE FD 43 9A EC 4C 04 2C 90 EB B8
INFO:root:serial no.:  status words: 90 0
INFO:root:sending: A2 D6 C0 E8 38 0C 29 9C AD 0E 9D A2 FF D5 B2 F2 45 F2 C3 45 14 60 6B 02 10 1E 53 4C B7 F8 45 AB 17 19 28 E3 22 91 D3 D4 2A B0 F7 A4 65 3D CD 01 BD E8 F3 E8 74 17 4E C6 2D 43 D0 B7 6E
INFO:root:serial no.:  status words: 90 0
INFO:root:sending: A2 D6 C1 20 38 4B 4C 83 C6 2C 24 BB 3B 4C CB 9C 61 83 37 A0 2A D3 6B 7E 62 D5 EC 17 E4 73 4A 2E 48 BD 22 48 18 D0 42 38 5D E2 A8 CB 2F 7A A1 A8 D2 0F D9 94 14 7A A1 A8 D2 0F D9 94 14
INFO:root:serial no.:  status words: 90 0
INFO:root:sending: A2 D6 C1 58 38 7A A1 A8 D2 0F D9 94 14 7A A1 A8 D2 0F D9 94 14 7A A1 A8 D2 0F D9 94 14 7A A1 A8 D2 0F D9 94 14 7A A1 A8 D2 0F D9 94 14 73 5D 2D D1 26 8D 63 62 48 D5 F5 BD 4D 00 56 EE
INFO:root:serial no.:  status words: 90 0
INFO:root:sending: A2 D6 C1 90 38 8D 53 70 3C BB 3C 5B 63 35 7C A0 A7 05 F7 62 74 5D 1D 94 0F 89 31 91 3D 2F 50 B4 8A 6A 8B B7 83 C9 4E 36 A4 35 9B 3F 31 31 BF 95 6F 79 46 ED A5 BF 64 86 A5 EB 1C 73 B8
INFO:root:serial no.:  status words: 90 0
INFO:root:sending: A2 D6 C1 C8 38 86 89 62 75 3F 69 A0 3C C2 9B 62 0E 9E 4E 26 B4 21 F5 17 7C BE DA A7 39 71 49 93 64 49 EC C4 1F CA 05 9F 09 39 9C 0A 98 E5 2C 9C 34 70 04 83 60 AD B9 BF C3 31 53 AA 44
INFO:root:serial no.:  status words: 90 0
INFO:root:sending: A2 D6 C2 00 38 48 90 5F 2D 67 E7 73 D4 92 07 F9 9B 80 7B 02 DE 13 37 B0 29 3A 11 39 B3 19 78 48 B3 FA 4E 3C F1 C9 4E 36 A4 35 9B 3F 31 30 3D 70 DC B4 17 31 14 FE 55 9B CF CF AC BF 7A
INFO:root:serial no.:  status words: 90 0
INFO:root:sending: A2 D6 C2 38 38 46 AC 8E E6 2B 18 72 2F 67 0D FB 8E 30 52 BF 48 C9 4E 36 A4 35 9B 3F 31 75 E1 C9 19 C4 6E 71 46 EB 79 1E 5C B0 2E 4C 5E 0A 49 14 EE 26 15 98 19 29 3C 16 D1 44 92 DF 4B
INFO:root:serial no.:  status words: 90 0
INFO:root:sending: A2 D6 C2 70 38 AB 96 5F 9E F0 81 2B DC E4 EF C7 BA 55 7C D1 27 EA 4D 46 3F 7F B3 8F 5A E4 DD AE 83 60 22 3D A3 A1 0D AF 89 2B AF CD 9F 6B 53 D1 5D 90 ED F5 46 6A 03 EE 72 48 D0 B9 84
INFO:root:serial no.:  status words: 90 0
INFO:root:sending: A2 D6 C2 A8 38 FC 4F 20 D7 20 D7 D9 C4 BC 78 E0 8F D3 B3 A8 13 16 F7 E4 52 1C 14 5C 04 D6 30 16 A2 E0 C9 56 00 58 99 4D BA EE 4D A3 0E 6D DD 24 96 DF DA B2 63 E3 A7 C8 2E 42 23 47 54
INFO:root:serial no.:  status words: 90 0
INFO:root:sending: A2 D6 C2 E0 38 9C 14 E8 62 9F 3A C3 45 18 FF 41 1B CD 87 73 27 E8 49 74 99 FD F7 50 69 2B D2 7F 3B 77 3B 1A 42 C4 5B 50 C8 F7 60 00 8F 45 CC FF 9F BB 37 BE CC 1A 76 00 DD 3F 73 BF B3
INFO:root:serial no.:  status words: 90 0
INFO:root:sending: A2 D6 C3 18 38 AF E1 3E E6 65 2B C0 11 44 12 76 1C 4A 4C 2E 1C 4F 8B 6A BA 2D 9B 1E 52 44 96 92 11 7D 7C 6A 67 8C 15 2D 75 14 12 EC 0E F9 39 B6 08 60 7B 67 F1 31 F2 BA 2F 02 6B 75 8F
INFO:root:serial no.:  status words: 90 0
INFO:root:sending: A2 D6 C3 50 38 68 DE 6F 4F F7 3F 1C 83 EF B7 91 CE 98 AD 3C CF 6C DE 05 AE 2F 7A 0F 4F 7E 4C D5 D0 A5 00 FE C6 B1 02 4F FD 09 92 7F 41 2D 0A 45 ED 02 3C 69 44 C1 24 73 1C 02 4B 3B 3D
INFO:root:serial no.:  status words: 90 0
INFO:root:sending: A2 D6 C3 88 38 0E 99 36 C3 7C 16 84 41 77 2B 5A 02 75 55 AE D4 F7 D2 C4 EE 77 3D 32 43 69 35 2F 1A 8D 59 6A 12 98 98 2F 86 40 B1 6A BD EB 55 9D AC E7 16 53 30 9E 15 64 DF 31 B1 D9 62
INFO:root:serial no.:  status words: 90 0
INFO:root:sending: A2 D6 C3 C0 38 8F 6E A3 75 17 D7 D9 E5 46 88 EC 7E 86 3C 32 EF 4A 52 99 50 68 18 73 1A FE 6A 99 C6 0E F1 A2 C1 8F 56 91 6E 71 02 32 E1 32 F2 CD B9 65 FC D1 B6 8A F4 DF 82 DF 75 14 6B
INFO:root:serial no.:  status words: 90 0
INFO:root:sending: A2 D6 C3 F8 38 F0 09 FF D3 15 8E EA 04 AA 64 91 AB 1D 43 2B A9 36 4D DB 79 A1 D1 5B 80 A0 7E 25 FB F7 0C C9 0C E5 81 DB 98 AC C5 4F 0E DE 10 C7 24 1A 0D 3B 30 EB 92 E2 08 C4 C5 BF 3F
INFO:root:serial no.:  status words: 90 0
INFO:root:sending: A2 D6 C4 30 38 12 2C BF 80 FA 01 80 1E E8 E9 06 E3 E8 2B 24 C1 87 66 5B B5 29 15 F2 4D BF A4 D2 3A C9 0B 37 22 7F 3A E8 B9 D5 37 DE 67 FD 11 13 99 D5 7F F3 8D A9 7D 6B 5B 9E 9D 04 49
INFO:root:serial no.:  status words: 90 0
INFO:root:sending: A2 D6 C4 68 38 78 1C 40 91 30 AD 79 C7 64 C3 F3 2D 83 5C 5B 09 87 DF E7 DB 4B D8 08 66 DB 7A 7E 6E 42 F4 EA D4 92 8B D4 A1 EE 2E 19 30 61 F4 F5 07 13 B0 20 67 F0 DE F2 7E AA DD 15 C4
INFO:root:serial no.:  status words: 90 0
INFO:root:sending: A2 D6 C4 A0 38 FE 59 58 ED DF A9 E0 79 E0 10 C8 AE D0 C2 26 6B 1E BB 71 06 8C FB F8 6C 43 75 5B A0 BE BC 43 A6 60 55 D7 34 FA F8 07 94 12 B5 67 9D 4D F4 7A 84 E0 0E E5 FA 3C 5E 4D 24
INFO:root:serial no.:  status words: 90 0
INFO:root:sending: A2 D6 C4 D8 38 B7 E2 38 13 32 38 2B 80 4F CF 5C 9E 5C 62 9F E4 FF 63 05 89 DE F3 D8 7C 5C 07 EA 45 6D 52 23 16 4F 77 96 F2 50 53 59 7C AB 12 96 D1 32 A7 56 50 2F 73 A1 FE 63 93 3D 3C
INFO:root:serial no.:  status words: 90 0
INFO:root:sending: A2 D6 C5 10 38 22 64 C7 C1 1F B1 EE B3 DF 51 34 8C 24 FC 33 FE 0E BF 29 DE F4 0A 02 7C 7B 9F C5 3C B7 7F B1 39 89 85 96 53 2E 87 F2 44 23 D6 8B E6 3B E9 9C C7 8E 40 2B 57 03 A4 4E 92
INFO:root:serial no.:  status words: 90 0
INFO:root:sending: A2 D6 C5 48 38 8A A9 81 9A 74 09 73 C0 CE F3 79 67 1E 60 63 4A 11 4A 64 6F C3 EB 17 17 C0 92 EA 59 57 CD 02 CF 68 D9 C2 18 8C 44 CF 8E FA 07 00 B7 C8 F1 DE 3B 12 F4 C8 44 CB 16 32 E6
INFO:root:serial no.:  status words: 90 0
INFO:root:sending: A2 D6 C5 80 38 B9 73 70 BC 68 89 A9 34 5E 33 2B BF 53 6C 50 78 DE BB DF 64 34 76 E3 44 9D A8 6E CA 09 B9 D4 6B EE 2B 0D 4E 72 24 4D 78 83 0C F4 32 C4 DE 95 C5 20 3A 1A 6A FA EA EE 1F
INFO:root:serial no.:  status words: 90 0
INFO:root:sending: A2 D6 C5 B8 38 B6 9A F4 33 78 46 EF A5 C7 13 76 92 D6 80 F4 5F E2 46 DB B7 7F 5B 57 DF A4 57 B9 9C 47 10 DA EC 5A 35 A8 A6 81 D7 BA 8A 1D 85 FA 0C E6 6B 39 5D E8 6B 4B 95 A8 47 30 2C
INFO:root:serial no.:  status words: 90 0
INFO:root:sending: A2 D6 C5 F0 38 27 5F EC E0 4B 3D 39 78 A0 C7 CE 93 79 98 2F 48 8A EC 86 1E BB D9 58 81 5F 90 7A 8E CF E8 2C F8 36 7D DE 16 E5 EE 78 03 61 EF D5 9E 4D 4C E0 BE 99 A4 25 03 B2 5E 9A 7F
INFO:root:serial no.:  status words: 90 0
INFO:root:sending: A2 D6 C6 28 38 5E 8A F1 F6 1F DE 3A 5A F6 E4 4A A5 3E F0 27 58 C5 FE 03 8A 1A E2 BC DF 9C 5D 29 14 D6 72 BC 65 9E 4D 60 A2 10 97 97 0E 5E AD 52 DC 85 CD E7 29 D1 6F 1F F0 65 E0 93 6D
INFO:root:serial no.:  status words: 90 0
INFO:root:sending: A2 D6 C6 60 38 8B 00 01 2C 93 EC 72 15 BD 71 89 36 4E 28 43 87 38 D0 75 EE EB 61 8F 74 AF 53 E9 14 8B 71 79 23 0E D0 A4 B9 E8 7D CF 1C EA EC 1B C1 39 C0 12 32 2E 49 D3 FB ED A2 F8 28
INFO:root:serial no.:  status words: 90 0
INFO:root:sending: A2 D6 C6 98 38 22 16 62 22 32 A3 25 03 92 8E EE 87 44 67 F7 DB EA BC FD F3 46 2A FD 70 04 7D 15 83 99 15 31 BF 33 72 26 49 6E 5E 6C 79 7F 9E 1C DA 3B F4 FD E6 10 0E 21 AD 82 A4 31 1F
INFO:root:serial no.:  status words: 90 0
INFO:root:sending: A2 D6 C6 D0 38 1C D8 D5 51 7B 81 49 69 FF F6 B4 55 FA 55 A9 67 92 8A E0 83 3C 38 41 CD 58 E9 C5 2E BC 6D C8 72 E7 19 84 8F 6B D9 A3 02 7F 63 AF 72 AF 80 14 E6 DB 77 F6 F3 61 7B C2 B0
INFO:root:serial no.:  status words: 90 0
INFO:root:sending: A2 D6 C7 08 38 3D 72 B0 2F 88 33 2C 37 E4 A4 AD B3 07 E4 0E CD 0F 7D 19 46 A3 28 E8 39 2F EB 95 C1 DD 2C 63 88 65 62 93 01 B0 11 2C AC 9C F5 55 43 84 A7 C7 98 03 86 86 00 A6 2F F6 88
INFO:root:serial no.:  status words: 90 0
INFO:root:sending: A2 D6 C7 40 38 81 43 84 E5 24 76 04 54 3C 89 E7 5E 9D 69 88 3B B6 FC BF 1C 12 19 7A 47 35 12 22 BB 15 D4 17 F5 99 C7 AA 0B A5 9C 85 40 41 13 33 48 3F 52 6E 2C 1D 82 1B 91 21 CD CF 88
INFO:root:serial no.:  status words: 90 0
INFO:root:sending: A2 D6 C7 78 38 9D B5 DE FF C9 C8 6C 09 7F D8 8B 62 6F 49 6F B2 18 41 54 BE 75 46 36 19 34 75 09 87 56 FA D0 4F 81 C2 26 5E DF 88 24 82 AF B8 65 68 AB 13 54 69 0E A9 7B AA 39 4C EE 99
INFO:root:serial no.:  status words: 90 0
INFO:root:sending: A2 D6 C7 B0 38 1B 24 DD 4C B2 BD 21 D6 33 22 42 B9 8D 7E A2 8A 44 D8 56 C1 42 4A C0 BB 81 A7 33 D8 E1 A1 E7 38 37 7C A5 E8 DE 9A D8 B8 61 60 D5 8E 2E 72 48 6E 45 51 49 0F E2 5B 72 95
INFO:root:serial no.:  status words: 90 0
INFO:root:sending: A2 D6 C7 E8 38 57 7F 44 79 2C FA 34 F2 23 DC 82 8E 2B A8 1A F3 F2 06 0A 03 32 85 BD 77 B6 DF 1E AE 56 3C 4E 98 03 C1 CA EA FF E5 4C 24 22 FA 44 B6 97 33 29 FF 53 07 63 F9 0C 10 2D 37
INFO:root:serial no.:  status words: 90 0
INFO:root:sending: A2 D6 C8 20 38 BC 5D 47 B7 1D 7A 56 B0 06 50 3B D7 8E 9B CC 5A 72 21 D5 A9 C9 7E 9D 10 D4 51 37 23 3F 5B 13 48 84 FB 32 02 0F 15 F6 FD 5B A8 C4 55 C3 22 F6 51 DB AD 7E 88 0E E7 B5 A6
INFO:root:serial no.:  status words: 90 0
INFO:root:sending: A2 D6 C8 58 38 C1 29 19 F0 50 B9 BC E1 2B 44 47 E8 29 6F A7 4E BA 96 A7 8F 9A A3 81 11 9B 15 1D E2 E3 96 61 80 06 2B 93 04 FF 8F 2D EE A7 B7 53 40 03 1F C8 55 16 BA 43 CA DF 65 5E F9
INFO:root:serial no.:  status words: 90 0
INFO:root:sending: A2 D6 C8 90 38 A3 55 CD 0F 01 61 19 F6 B6 58 67 FA BA 58 76 22 88 28 89 39 BA BA A9 B7 24 34 15 3A D9 37 DC 10 46 BB 88 2C 71 6C 17 B6 DC D1 5E 44 32 0E 2C E7 FF D2 DC C6 74 D8 93 16
INFO:root:serial no.:  status words: 90 0
INFO:root:sending: A2 D6 C8 C8 38 46 6D 5B 35 F7 CF F3 C4 FC B8 6F 92 4C BD 71 8F F3 68 86 18 B5 E2 7C 87 91 A1 A3 D5 F0 BC 6B 1E 3B 0E D0 7C 9C 76 46 2C 0B ED 6C 69 53 D6 00 FF 98 E0 03 C7 D0 89 FD 26
INFO:root:serial no.:  status words: 90 0
INFO:root:sending: A2 D6 C9 00 38 F4 FB 7E 75 20 6B A4 64 0A 17 61 7A 11 B4 D0 74 43 6B 73 CE 45 FB AB BD D1 CE 7D BB 40 A4 51 67 64 58 4E 2C 63 C5 48 ED C5 D7 0E 4B 5F 67 48 C9 7F C7 02 E6 48 8D F3 E6
INFO:root:serial no.:  status words: 90 0
INFO:root:sending: A2 D6 C9 38 38 2A 8B 38 6E E5 17 80 97 78 08 CA 7A FB 73 93 D8 54 82 43 F7 2A 0E 98 E8 4B 98 4A 24 A4 21 E9 DF B4 15 FD 20 C4 3D 42 88 46 E7 9B 22 58 8F 5D A3 4C C6 13 0C 5E 14 CF 4B
INFO:root:serial no.:  status words: 90 0
INFO:root:sending: A2 D6 C9 70 38 92 B0 28 F5 22 BF C9 01 4C 7E DA E5 63 25 8F D4 C5 7D AB FA 35 0D 3A C4 A3 2D 7A 00 F0 C1 86 6E A9 65 50 A1 F7 06 FD 47 26 9A 58 E2 A8 3A 6D D6 F1 8B D3 D9 A7 15 59 79
INFO:root:serial no.:  status words: 90 0
INFO:root:sending: A2 D6 C9 A8 38 2F 9E 80 A5 B9 07 E6 D9 A2 FE 13 7E E5 7C 00 2C C9 FE 95 0A E0 4B 54 DC BE 23 8D 18 03 FA 0E 3F 63 9F 26 5C 83 98 62 39 95 DE A3 5E A2 21 D9 59 4A DE 99 83 63 94 A5 F2
INFO:root:serial no.:  status words: 90 0
INFO:root:sending: A2 D6 C9 E0 38 51 9F EE 40 7C A3 DD B3 CB 5E 5E F3 56 5F 0C BC DC F9 56 CE 5B 55 E3 CA 9C 40 AC AB 4F 5E 06 CE B2 84 9A 7A DD 29 1F 60 E8 C4 D6 5E 2C AC 5D 12 80 B4 42 CD 85 F1 08 4F
INFO:root:serial no.:  status words: 90 0
INFO:root:sending: A2 D6 CA 18 38 7B 1C 3D 82 52 ED CC BD 93 4E 46 E6 77 CF 5F 86 30 39 E9 A7 EE E0 C2 31 53 F3 BF 51 14 89 8E 4D F1 8C 5B 09 3D 4F 19 D3 F3 65 91 5C 01 DE 05 D1 38 10 6C 45 C4 21 51 32
INFO:root:serial no.:  status words: 90 0
INFO:root:sending: A2 D6 CA 50 38 9C 19 07 D5 26 04 7C 60 2E 57 C3 A2 BA 3A 25 F8 AD 89 8A 8C 11 9E D2 5E 66 D2 02 39 AA 87 2D 97 31 CE 54 C5 89 39 4C 85 D9 53 72 8F EF EE 5A 98 67 33 D4 ED 02 E4 ED CE
INFO:root:serial no.:  status words: 90 0
INFO:root:sending: A2 D6 CA 88 38 42 17 02 7F 1E 1E 4F 4A DC 4A 12 15 34 72 05 DB 37 AA 57 2D F4 AD 05 FA 99 84 C7 B1 D1 70 C9 DA 7F C8 1F F1 A8 7A 5F FE 4C E6 0D 54 D9 A2 B8 BB DF E2 34 3F 42 D0 03 13
INFO:root:serial no.:  status words: 90 0
INFO:root:sending: A2 D6 CA C0 38 B3 33 5D C1 DB EC 6E D4 A1 4F F4 F1 80 89 6A 7E FF 76 EE F9 73 41 12 B1 EA A6 0F E6 A7 79 CE 43 65 B9 4A F7 A3 E8 4B A1 FD BB 48 9A 9A 8E 54 3F B7 D6 8F 70 D2 7D 51 84
INFO:root:serial no.:  status words: 90 0
INFO:root:sending: A2 D6 CA F8 28 52 46 BC 5D BB E0 3B 46 46 8A D4 54 7D 41 6D 00 60 D2 1B 69 57 6B FF 28 66 D1 60 C8 FC 37 C5 00 0B C6 49 FD B3 3D 45 58
INFO:root:serial no.:  status words: 90 0
INFO:root:COS写入配置数据 成功
INFO:root:COS读取配置数据
INFO:root:sending: A2 A4 00 0C 02 CF 01
INFO:root:serial no.:  status words: 90 0
INFO:root:sending: A2 B0 C0 40 38
INFO:root:serial no.: 79 6A 5C 51 39 96 54 D3 C7 49 8F 9D 7A CE AD BC 15 E7 62 4F AE 54 87 14 D7 3B 24 A8 BC 2A FF 72 9C 51 95 23 19 F6 92 34 8D B5 06 27 29 FC BA 43 07 FA 43 A2 5E 0C 0D F1 status words: 90 0
INFO:root:sending: A2 B0 C0 78 38
INFO:root:serial no.: DA 54 36 E3 93 11 F7 2C E3 69 08 FC EF 79 D3 83 81 44 21 15 E5 CF C7 55 21 72 37 39 C6 09 2E 55 00 74 CD FB 8C 5C 63 43 0E 60 A1 DA 3A 84 29 D8 53 6C 9D 0A 42 C9 74 04 status words: 90 0
INFO:root:sending: A2 B0 C0 B0 38
INFO:root:serial no.: CC 45 93 83 20 1E FD AF CE AE C1 55 EB 4B 57 39 7E 74 BE 2B E9 EE CD 1D AC CA 55 35 23 CB 1A BB 46 4B 38 A4 BA 98 4E D1 8A 09 D9 21 F7 EE FD 43 9A EC 4C 04 2C 90 EB B8 status words: 90 0
INFO:root:sending: A2 B0 C0 E8 38
INFO:root:serial no.: 0C 29 9C AD 0E 9D A2 FF D5 B2 F2 45 F2 C3 45 14 60 6B 02 10 1E 53 4C B7 F8 45 AB 17 19 28 E3 22 91 D3 D4 2A B0 F7 A4 65 3D CD 01 BD E8 F3 E8 74 17 4E C6 2D 43 D0 B7 6E status words: 90 0
INFO:root:sending: A2 B0 C1 20 38
INFO:root:serial no.: 4B 4C 83 C6 2C 24 BB 3B 4C CB 9C 61 83 37 A0 2A D3 6B 7E 62 D5 EC 17 E4 73 4A 2E 48 BD 22 48 18 D0 42 38 5D E2 A8 CB 2F 7A A1 A8 D2 0F D9 94 14 7A A1 A8 D2 0F D9 94 14 status words: 90 0
INFO:root:sending: A2 B0 C1 58 38
INFO:root:serial no.: 7A A1 A8 D2 0F D9 94 14 7A A1 A8 D2 0F D9 94 14 7A A1 A8 D2 0F D9 94 14 7A A1 A8 D2 0F D9 94 14 7A A1 A8 D2 0F D9 94 14 73 5D 2D D1 26 8D 63 62 48 D5 F5 BD 4D 00 56 EE status words: 90 0
INFO:root:sending: A2 B0 C1 90 38
INFO:root:serial no.: 8D 53 70 3C BB 3C 5B 63 35 7C A0 A7 05 F7 62 74 5D 1D 94 0F 89 31 91 3D 2F 50 B4 8A 6A 8B B7 83 C9 4E 36 A4 35 9B 3F 31 31 BF 95 6F 79 46 ED A5 BF 64 86 A5 EB 1C 73 B8 status words: 90 0
INFO:root:sending: A2 B0 C1 C8 38
INFO:root:serial no.: 86 89 62 75 3F 69 A0 3C C2 9B 62 0E 9E 4E 26 B4 21 F5 17 7C BE DA A7 39 71 49 93 64 49 EC C4 1F CA 05 9F 09 39 9C 0A 98 E5 2C 9C 34 70 04 83 60 AD B9 BF C3 31 53 AA 44 status words: 90 0
INFO:root:sending: A2 B0 C2 00 38
INFO:root:serial no.: 48 90 5F 2D 67 E7 73 D4 92 07 F9 9B 80 7B 02 DE 13 37 B0 29 3A 11 39 B3 19 78 48 B3 FA 4E 3C F1 C9 4E 36 A4 35 9B 3F 31 30 3D 70 DC B4 17 31 14 FE 55 9B CF CF AC BF 7A status words: 90 0
INFO:root:sending: A2 B0 C2 38 38
INFO:root:serial no.: 46 AC 8E E6 2B 18 72 2F 67 0D FB 8E 30 52 BF 48 C9 4E 36 A4 35 9B 3F 31 75 E1 C9 19 C4 6E 71 46 EB 79 1E 5C B0 2E 4C 5E 0A 49 14 EE 26 15 98 19 29 3C 16 D1 44 92 DF 4B status words: 90 0
INFO:root:sending: A2 B0 C2 70 38
INFO:root:serial no.: AB 96 5F 9E F0 81 2B DC E4 EF C7 BA 55 7C D1 27 EA 4D 46 3F 7F B3 8F 5A E4 DD AE 83 60 22 3D A3 A1 0D AF 89 2B AF CD 9F 6B 53 D1 5D 90 ED F5 46 6A 03 EE 72 48 D0 B9 84 status words: 90 0
INFO:root:sending: A2 B0 C2 A8 38
INFO:root:serial no.: FC 4F 20 D7 20 D7 D9 C4 BC 78 E0 8F D3 B3 A8 13 16 F7 E4 52 1C 14 5C 04 D6 30 16 A2 E0 C9 56 00 58 99 4D BA EE 4D A3 0E 6D DD 24 96 DF DA B2 63 E3 A7 C8 2E 42 23 47 54 status words: 90 0
INFO:root:sending: A2 B0 C2 E0 38
INFO:root:serial no.: 9C 14 E8 62 9F 3A C3 45 18 FF 41 1B CD 87 73 27 E8 49 74 99 FD F7 50 69 2B D2 7F 3B 77 3B 1A 42 C4 5B 50 C8 F7 60 00 8F 45 CC FF 9F BB 37 BE CC 1A 76 00 DD 3F 73 BF B3 status words: 90 0
INFO:root:sending: A2 B0 C3 18 38
INFO:root:serial no.: AF E1 3E E6 65 2B C0 11 44 12 76 1C 4A 4C 2E 1C 4F 8B 6A BA 2D 9B 1E 52 44 96 92 11 7D 7C 6A 67 8C 15 2D 75 14 12 EC 0E F9 39 B6 08 60 7B 67 F1 31 F2 BA 2F 02 6B 75 8F status words: 90 0
INFO:root:sending: A2 B0 C3 50 38
INFO:root:serial no.: 68 DE 6F 4F F7 3F 1C 83 EF B7 91 CE 98 AD 3C CF 6C DE 05 AE 2F 7A 0F 4F 7E 4C D5 D0 A5 00 FE C6 B1 02 4F FD 09 92 7F 41 2D 0A 45 ED 02 3C 69 44 C1 24 73 1C 02 4B 3B 3D status words: 90 0
INFO:root:sending: A2 B0 C3 88 38
INFO:root:serial no.: 0E 99 36 C3 7C 16 84 41 77 2B 5A 02 75 55 AE D4 F7 D2 C4 EE 77 3D 32 43 69 35 2F 1A 8D 59 6A 12 98 98 2F 86 40 B1 6A BD EB 55 9D AC E7 16 53 30 9E 15 64 DF 31 B1 D9 62 status words: 90 0
INFO:root:sending: A2 B0 C3 C0 38
INFO:root:serial no.: 8F 6E A3 75 17 D7 D9 E5 46 88 EC 7E 86 3C 32 EF 4A 52 99 50 68 18 73 1A FE 6A 99 C6 0E F1 A2 C1 8F 56 91 6E 71 02 32 E1 32 F2 CD B9 65 FC D1 B6 8A F4 DF 82 DF 75 14 6B status words: 90 0
INFO:root:sending: A2 B0 C3 F8 38
INFO:root:serial no.: F0 09 FF D3 15 8E EA 04 AA 64 91 AB 1D 43 2B A9 36 4D DB 79 A1 D1 5B 80 A0 7E 25 FB F7 0C C9 0C E5 81 DB 98 AC C5 4F 0E DE 10 C7 24 1A 0D 3B 30 EB 92 E2 08 C4 C5 BF 3F status words: 90 0
INFO:root:sending: A2 B0 C4 30 38
INFO:root:serial no.: 12 2C BF 80 FA 01 80 1E E8 E9 06 E3 E8 2B 24 C1 87 66 5B B5 29 15 F2 4D BF A4 D2 3A C9 0B 37 22 7F 3A E8 B9 D5 37 DE 67 FD 11 13 99 D5 7F F3 8D A9 7D 6B 5B 9E 9D 04 49 status words: 90 0
INFO:root:sending: A2 B0 C4 68 38
INFO:root:serial no.: 78 1C 40 91 30 AD 79 C7 64 C3 F3 2D 83 5C 5B 09 87 DF E7 DB 4B D8 08 66 DB 7A 7E 6E 42 F4 EA D4 92 8B D4 A1 EE 2E 19 30 61 F4 F5 07 13 B0 20 67 F0 DE F2 7E AA DD 15 C4 status words: 90 0
INFO:root:sending: A2 B0 C4 A0 38
INFO:root:serial no.: FE 59 58 ED DF A9 E0 79 E0 10 C8 AE D0 C2 26 6B 1E BB 71 06 8C FB F8 6C 43 75 5B A0 BE BC 43 A6 60 55 D7 34 FA F8 07 94 12 B5 67 9D 4D F4 7A 84 E0 0E E5 FA 3C 5E 4D 24 status words: 90 0
INFO:root:sending: A2 B0 C4 D8 38
INFO:root:serial no.: B7 E2 38 13 32 38 2B 80 4F CF 5C 9E 5C 62 9F E4 FF 63 05 89 DE F3 D8 7C 5C 07 EA 45 6D 52 23 16 4F 77 96 F2 50 53 59 7C AB 12 96 D1 32 A7 56 50 2F 73 A1 FE 63 93 3D 3C status words: 90 0
INFO:root:sending: A2 B0 C5 10 38
INFO:root:serial no.: 22 64 C7 C1 1F B1 EE B3 DF 51 34 8C 24 FC 33 FE 0E BF 29 DE F4 0A 02 7C 7B 9F C5 3C B7 7F B1 39 89 85 96 53 2E 87 F2 44 23 D6 8B E6 3B E9 9C C7 8E 40 2B 57 03 A4 4E 92 status words: 90 0
INFO:root:sending: A2 B0 C5 48 38
INFO:root:serial no.: 8A A9 81 9A 74 09 73 C0 CE F3 79 67 1E 60 63 4A 11 4A 64 6F C3 EB 17 17 C0 92 EA 59 57 CD 02 CF 68 D9 C2 18 8C 44 CF 8E FA 07 00 B7 C8 F1 DE 3B 12 F4 C8 44 CB 16 32 E6 status words: 90 0
INFO:root:sending: A2 B0 C5 80 38
INFO:root:serial no.: B9 73 70 BC 68 89 A9 34 5E 33 2B BF 53 6C 50 78 DE BB DF 64 34 76 E3 44 9D A8 6E CA 09 B9 D4 6B EE 2B 0D 4E 72 24 4D 78 83 0C F4 32 C4 DE 95 C5 20 3A 1A 6A FA EA EE 1F status words: 90 0
INFO:root:sending: A2 B0 C5 B8 38
INFO:root:serial no.: B6 9A F4 33 78 46 EF A5 C7 13 76 92 D6 80 F4 5F E2 46 DB B7 7F 5B 57 DF A4 57 B9 9C 47 10 DA EC 5A 35 A8 A6 81 D7 BA 8A 1D 85 FA 0C E6 6B 39 5D E8 6B 4B 95 A8 47 30 2C status words: 90 0
INFO:root:sending: A2 B0 C5 F0 38
INFO:root:serial no.: 27 5F EC E0 4B 3D 39 78 A0 C7 CE 93 79 98 2F 48 8A EC 86 1E BB D9 58 81 5F 90 7A 8E CF E8 2C F8 36 7D DE 16 E5 EE 78 03 61 EF D5 9E 4D 4C E0 BE 99 A4 25 03 B2 5E 9A 7F status words: 90 0
INFO:root:sending: A2 B0 C6 28 38
INFO:root:serial no.: 5E 8A F1 F6 1F DE 3A 5A F6 E4 4A A5 3E F0 27 58 C5 FE 03 8A 1A E2 BC DF 9C 5D 29 14 D6 72 BC 65 9E 4D 60 A2 10 97 97 0E 5E AD 52 DC 85 CD E7 29 D1 6F 1F F0 65 E0 93 6D status words: 90 0
INFO:root:sending: A2 B0 C6 60 38
INFO:root:serial no.: 8B 00 01 2C 93 EC 72 15 BD 71 89 36 4E 28 43 87 38 D0 75 EE EB 61 8F 74 AF 53 E9 14 8B 71 79 23 0E D0 A4 B9 E8 7D CF 1C EA EC 1B C1 39 C0 12 32 2E 49 D3 FB ED A2 F8 28 status words: 90 0
INFO:root:sending: A2 B0 C6 98 38
INFO:root:serial no.: 22 16 62 22 32 A3 25 03 92 8E EE 87 44 67 F7 DB EA BC FD F3 46 2A FD 70 04 7D 15 83 99 15 31 BF 33 72 26 49 6E 5E 6C 79 7F 9E 1C DA 3B F4 FD E6 10 0E 21 AD 82 A4 31 1F status words: 90 0
INFO:root:sending: A2 B0 C6 D0 38
INFO:root:serial no.: 1C D8 D5 51 7B 81 49 69 FF F6 B4 55 FA 55 A9 67 92 8A E0 83 3C 38 41 CD 58 E9 C5 2E BC 6D C8 72 E7 19 84 8F 6B D9 A3 02 7F 63 AF 72 AF 80 14 E6 DB 77 F6 F3 61 7B C2 B0 status words: 90 0
INFO:root:sending: A2 B0 C7 08 38
INFO:root:serial no.: 3D 72 B0 2F 88 33 2C 37 E4 A4 AD B3 07 E4 0E CD 0F 7D 19 46 A3 28 E8 39 2F EB 95 C1 DD 2C 63 88 65 62 93 01 B0 11 2C AC 9C F5 55 43 84 A7 C7 98 03 86 86 00 A6 2F F6 88 status words: 90 0
INFO:root:sending: A2 B0 C7 40 38
INFO:root:serial no.: 81 43 84 E5 24 76 04 54 3C 89 E7 5E 9D 69 88 3B B6 FC BF 1C 12 19 7A 47 35 12 22 BB 15 D4 17 F5 99 C7 AA 0B A5 9C 85 40 41 13 33 48 3F 52 6E 2C 1D 82 1B 91 21 CD CF 88 status words: 90 0
INFO:root:sending: A2 B0 C7 78 38
INFO:root:serial no.: 9D B5 DE FF C9 C8 6C 09 7F D8 8B 62 6F 49 6F B2 18 41 54 BE 75 46 36 19 34 75 09 87 56 FA D0 4F 81 C2 26 5E DF 88 24 82 AF B8 65 68 AB 13 54 69 0E A9 7B AA 39 4C EE 99 status words: 90 0
INFO:root:sending: A2 B0 C7 B0 38
INFO:root:serial no.: 1B 24 DD 4C B2 BD 21 D6 33 22 42 B9 8D 7E A2 8A 44 D8 56 C1 42 4A C0 BB 81 A7 33 D8 E1 A1 E7 38 37 7C A5 E8 DE 9A D8 B8 61 60 D5 8E 2E 72 48 6E 45 51 49 0F E2 5B 72 95 status words: 90 0
INFO:root:sending: A2 B0 C7 E8 38
INFO:root:serial no.: 57 7F 44 79 2C FA 34 F2 23 DC 82 8E 2B A8 1A F3 F2 06 0A 03 32 85 BD 77 B6 DF 1E AE 56 3C 4E 98 03 C1 CA EA FF E5 4C 24 22 FA 44 B6 97 33 29 FF 53 07 63 F9 0C 10 2D 37 status words: 90 0
INFO:root:sending: A2 B0 C8 20 38
INFO:root:serial no.: BC 5D 47 B7 1D 7A 56 B0 06 50 3B D7 8E 9B CC 5A 72 21 D5 A9 C9 7E 9D 10 D4 51 37 23 3F 5B 13 48 84 FB 32 02 0F 15 F6 FD 5B A8 C4 55 C3 22 F6 51 DB AD 7E 88 0E E7 B5 A6 status words: 90 0
INFO:root:sending: A2 B0 C8 58 38
INFO:root:serial no.: C1 29 19 F0 50 B9 BC E1 2B 44 47 E8 29 6F A7 4E BA 96 A7 8F 9A A3 81 11 9B 15 1D E2 E3 96 61 80 06 2B 93 04 FF 8F 2D EE A7 B7 53 40 03 1F C8 55 16 BA 43 CA DF 65 5E F9 status words: 90 0
INFO:root:sending: A2 B0 C8 90 38
INFO:root:serial no.: A3 55 CD 0F 01 61 19 F6 B6 58 67 FA BA 58 76 22 88 28 89 39 BA BA A9 B7 24 34 15 3A D9 37 DC 10 46 BB 88 2C 71 6C 17 B6 DC D1 5E 44 32 0E 2C E7 FF D2 DC C6 74 D8 93 16 status words: 90 0
INFO:root:sending: A2 B0 C8 C8 38
INFO:root:serial no.: 46 6D 5B 35 F7 CF F3 C4 FC B8 6F 92 4C BD 71 8F F3 68 86 18 B5 E2 7C 87 91 A1 A3 D5 F0 BC 6B 1E 3B 0E D0 7C 9C 76 46 2C 0B ED 6C 69 53 D6 00 FF 98 E0 03 C7 D0 89 FD 26 status words: 90 0
INFO:root:sending: A2 B0 C9 00 38
INFO:root:serial no.: F4 FB 7E 75 20 6B A4 64 0A 17 61 7A 11 B4 D0 74 43 6B 73 CE 45 FB AB BD D1 CE 7D BB 40 A4 51 67 64 58 4E 2C 63 C5 48 ED C5 D7 0E 4B 5F 67 48 C9 7F C7 02 E6 48 8D F3 E6 status words: 90 0
INFO:root:sending: A2 B0 C9 38 38
INFO:root:serial no.: 2A 8B 38 6E E5 17 80 97 78 08 CA 7A FB 73 93 D8 54 82 43 F7 2A 0E 98 E8 4B 98 4A 24 A4 21 E9 DF B4 15 FD 20 C4 3D 42 88 46 E7 9B 22 58 8F 5D A3 4C C6 13 0C 5E 14 CF 4B status words: 90 0
INFO:root:sending: A2 B0 C9 70 38
INFO:root:serial no.: 92 B0 28 F5 22 BF C9 01 4C 7E DA E5 63 25 8F D4 C5 7D AB FA 35 0D 3A C4 A3 2D 7A 00 F0 C1 86 6E A9 65 50 A1 F7 06 FD 47 26 9A 58 E2 A8 3A 6D D6 F1 8B D3 D9 A7 15 59 79 status words: 90 0
INFO:root:sending: A2 B0 C9 A8 38
INFO:root:serial no.: 2F 9E 80 A5 B9 07 E6 D9 A2 FE 13 7E E5 7C 00 2C C9 FE 95 0A E0 4B 54 DC BE 23 8D 18 03 FA 0E 3F 63 9F 26 5C 83 98 62 39 95 DE A3 5E A2 21 D9 59 4A DE 99 83 63 94 A5 F2 status words: 90 0
INFO:root:sending: A2 B0 C9 E0 38
INFO:root:serial no.: 51 9F EE 40 7C A3 DD B3 CB 5E 5E F3 56 5F 0C BC DC F9 56 CE 5B 55 E3 CA 9C 40 AC AB 4F 5E 06 CE B2 84 9A 7A DD 29 1F 60 E8 C4 D6 5E 2C AC 5D 12 80 B4 42 CD 85 F1 08 4F status words: 90 0
INFO:root:sending: A2 B0 CA 18 38
INFO:root:serial no.: 7B 1C 3D 82 52 ED CC BD 93 4E 46 E6 77 CF 5F 86 30 39 E9 A7 EE E0 C2 31 53 F3 BF 51 14 89 8E 4D F1 8C 5B 09 3D 4F 19 D3 F3 65 91 5C 01 DE 05 D1 38 10 6C 45 C4 21 51 32 status words: 90 0
INFO:root:sending: A2 B0 CA 50 38
INFO:root:serial no.: 9C 19 07 D5 26 04 7C 60 2E 57 C3 A2 BA 3A 25 F8 AD 89 8A 8C 11 9E D2 5E 66 D2 02 39 AA 87 2D 97 31 CE 54 C5 89 39 4C 85 D9 53 72 8F EF EE 5A 98 67 33 D4 ED 02 E4 ED CE status words: 90 0
INFO:root:sending: A2 B0 CA 88 38
INFO:root:serial no.: 42 17 02 7F 1E 1E 4F 4A DC 4A 12 15 34 72 05 DB 37 AA 57 2D F4 AD 05 FA 99 84 C7 B1 D1 70 C9 DA 7F C8 1F F1 A8 7A 5F FE 4C E6 0D 54 D9 A2 B8 BB DF E2 34 3F 42 D0 03 13 status words: 90 0
INFO:root:sending: A2 B0 CA C0 38
INFO:root:serial no.: B3 33 5D C1 DB EC 6E D4 A1 4F F4 F1 80 89 6A 7E FF 76 EE F9 73 41 12 B1 EA A6 0F E6 A7 79 CE 43 65 B9 4A F7 A3 E8 4B A1 FD BB 48 9A 9A 8E 54 3F B7 D6 8F 70 D2 7D 51 84 status words: 90 0
INFO:root:sending: A2 B0 CA F8 38
INFO:root:serial no.: 52 46 BC 5D BB E0 3B 46 46 8A D4 54 7D 41 6D 00 60 D2 1B 69 57 6B FF 28 66 D1 60 C8 FC 37 C5 00 0B C6 49 FD B3 3D 45 58 DD 2D 9A A2 C0 9E E6 99 DD 2D 9A A2 C0 9E E6 99 status words: 90 0
INFO:root:config file :E6 AF 9B E6 AF 9B 3B 3B 31 35 37 35 31 33 39 36 36 36 36 3B 3B E5 AD 90 E6 B6 B5 3B 3B 32 30 32 31 31 32 31 37 30 30 30 31 3B 3B E6 B5 99 E6 B1 9F E7 9C 81 E6 9D AD E5 B7 9E E5 B8 82 E8 90 A7 E5 B1 B1 E5 95 8A E5 95 8A E5 8C BA E9 B8 BF E5 85 B4 E8 B7 AF 31 31 31 E5 8F B7 3B 3B 64 61 74 61 3A 69 6D 61 67 65 2F 6A 70 65 67 3B 62 61 73 65 36 34 2C 2F 39 6A 2F 34 41 41 51 53 6B 5A 4A 52 67 41 42 41 51 45 41 53 41 42 49 41 41 44 2F 32 77 42 44 41 41 49 42 41 51 49 42 41 51 49 43 41 67 49 43 41 67 49 43 41 77 55 44 41 77 4D 44 41 77 59 45 42 41 4D 46 42 77 59 48 42 77 63 47 42 77 63 49 43 51 73 4A 43 41 67 4B 43 41 63 48 43 67 30 4B 43 67 73 4D 44 41 77 4D 42 77 6B 4F 44 77 30 4D 44 67 73 4D 44 41 7A 2F 32 77 42 44 41 51 49 43 41 67 4D 44 41 77 59 44 41 77 59 4D 43 41 63 49 44 41 77 4D 44 41 77 4D 44 41 77 4D 44 41 77 4D 44 41 77 4D 44 41 77 4D 44 41 77 4D 44 41 77 4D 44 41 77 4D 44 41 77 4D 44 41 77 4D 44 41 77 4D 44 41 77 4D 44 41 77 4D 44 41 77 4D 44 41 77 4D 44 41 7A 2F 77 41 41 52 43 41 41 79 41 44 49 44 41 53 49 41 41 68 45 42 41 78 45 42 2F 38 51 41 48 41 41 41 41 67 4D 42 41 51 45 42 41 41 41 41 41 41 41 41 41 41 41 41 41 41 63 47 43 41 6B 46 42 41 49 44 2F 38 51 41 4E 42 41 41 41 51 4D 44 41 77 4D 42 42 67 55 44 42 51 41 41 41 41 41 41 41 51 49 44 42 41 55 47 45 51 41 48 49 51 67 53 4D 52 4D 4A 46 43 4A 42 55 57 45 56 4D 6B 4A 78 67 52 5A 69 6B 53 4D 6C 4D 7A 53 78 2F 38 51 41 47 51 45 41 41 77 45 42 41 51 41 41 41 41 41 41 41 41 41 41 41 41 41 41 42 51 59 48 42 41 49 44 2F 38 51 41 4D 68 45 41 41 51 49 45 41 77 4D 4C 42 41 4D 41 41 41 41 41 41 41 41 41 41 51 49 45 41 41 4D 46 45 53 45 78 51 52 49 55 67 51 59 69 4D 7A 52 43 55 57 46 78 6F 63 48 77 45 78 57 52 34 54 4B 78 30 66 2F 61 41 41 77 44 41 51 41 43 45 51 4D 52 41 44 38 41 7A 45 6C 33 5A 48 65 63 6A 73 39 69 53 68 68 58 71 45 44 6A 76 55 42 67 5A 30 38 75 6C 48 70 4C 75 6A 72 47 6D 47 6C 78 36 68 46 70 39 76 51 33 55 69 56 4A 64 4A 43 57 31 4B 2F 53 32 6B 41 39 36 77 4F 66 70 70 53 62 62 37 4D 77 72 38 75 36 42 54 68 4F 58 41 52 4A 6B 4A 61 4C 36 69 46 70 41 50 4F 66 75 63 44 57 67 58 54 50 53 59 57 33 4E 56 70 6C 47 74 31 54 6A 4E 42 6F 37 68 6B 54 70 4B 31 68 43 33 46 6A 67 75 4C 55 65 43 6F 6B 6A 41 48 47 4E 54 57 76 56 61 57 32 6C 33 54 2F 41 43 4F 58 6B 4E 54 44 76 51 4F 54 38 79 6F 7A 43 6F 34 49 54 6E 2F 6B 58 4D 36 66 65 6E 2B 79 75 6C 48 62 75 44 51 37 65 67 4D 72 6B 78 32 6B 6F 65 71 44 36 45 72 6D 53 31 6A 79 70 62 6D 4D 6E 39 76 41 48 47 70 35 62 2B 34 41 6C 56 4A 32 47 38 30 32 46 67 66 71 48 35 2F 6E 6E 56 63 65 74 6A 66 36 35 74 67 39 6D 4B 4C 50 74 4C 62 57 39 72 39 71 74 63 6B 70 62 62 6B 77 6F 35 4D 57 47 72 79 46 4C 56 35 77 66 72 34 2B 2B 6E 46 51 62 48 71 74 63 2F 42 61 33 4A 2F 32 79 56 49 68 49 63 6C 78 6C 4F 42 61 6D 46 6C 49 4A 51 63 48 6E 43 76 6E 71 57 4F 33 54 70 59 53 36 6D 48 42 56 37 59 34 34 5A 34 5A 6A 6A 77 69 70 74 47 44 52 43 53 33 53 4D 55 2B 48 76 6B 66 61 46 31 31 54 64 4D 65 31 75 2B 55 38 56 43 71 51 46 55 2B 76 78 77 73 4D 54 4B 65 73 4D 71 4B 67 4D 59 57 43 43 6C 58 38 36 79 39 33 34 67 31 54 62 2B 37 70 4E 75 50 68 36 55 79 70 30 2B 34 4C 56 6B 4A 63 5A 37 75 46 6B 44 6A 4F 50 4F 4E 61 4F 55 61 30 39 34 57 71 2F 66 38 61 35 31 32 59 35 62 39 4A 71 49 6D 57 34 78 44 4C 69 35 55 78 70 52 55 73 68 37 49 77 67 6E 34 55 67 35 49 7A 6E 78 71 72 48 56 56 53 31 56 4B 35 30 55 68 79 47 30 34 75 70 79 6F 37 31 41 6B 6A 68 57 4A 52 78 36 5A 50 39 71 69 55 6B 66 32 35 30 37 55 53 6F 4C 45 35 4C 65 61 64 71 39 72 45 66 4E 4E 59 53 71 37 52 55 4C 6B 4C 63 53 4F 61 55 35 36 58 2B 61 52 55 68 2F 61 39 35 35 39 61 79 41 43 74 52 56 67 45 41 63 2F 62 52 72 52 43 6A 39 48 65 30 64 4F 70 45 57 50 50 66 6B 53 5A 7A 44 4B 47 35 4C 77 6C 71 53 48 58 41 6B 42 53 73 44 78 6B 67 6E 48 33 30 61 65 50 71 53 6F 54 78 53 35 30 4C 6A 70 35 39 67 2F 65 30 70 36 50 55 37 6C 75 61 48 51 78 47 63 44 71 6D 6F 69 31 4F 6B 59 4F 63 68 58 41 7A 2F 47 70 70 75 6C 51 6E 64 6B 62 79 64 73 65 43 6C 64 51 61 64 71 45 56 31 79 6F 72 6A 72 53 6C 78 41 49 55 41 6F 34 78 33 63 63 67 48 36 59 31 70 4A 65 33 71 74 77 32 61 66 45 48 5A 36 6D 4F 38 4A 34 79 50 6D 42 70 66 58 39 73 4D 33 66 31 4E 37 35 71 45 72 61 61 56 6B 42 51 79 47 79 50 42 78 2F 77 43 36 6C 39 55 71 61 33 5A 32 70 76 5A 69 6B 30 53 51 47 59 49 6C 35 4B 74 6E 34 61 78 78 61 78 31 4A 51 61 39 53 4B 52 62 61 66 64 6F 51 71 48 70 68 4B 33 44 2F 41 4D 34 53 51 53 6C 4F 4F 4F 41 4D 34 31 6D 64 37 64 4C 71 2B 33 63 73 58 64 79 68 30 2B 78 62 69 71 56 43 74 32 42 47 49 51 39 54 4A 4B 6D 70 45 68 35 58 35 79 73 67 67 6C 49 34 41 47 41 50 4F 63 36 74 52 31 59 62 59 4A 73 2B 32 48 6F 45 35 54 73 65 6B 75 35 44 4C 37 4A 4B 56 77 48 54 77 48 57 31 44 34 6B 6B 66 35 2B 6D 73 79 74 78 65 6D 4F 34 4E 79 62 6F 71 4D 53 39 4C 6E 75 75 6F 7A 61 4E 4B 44 63 61 6F 56 41 71 39 33 71 30 4A 61 75 35 6C 35 6F 2F 6C 55 4F 30 34 56 38 2B 35 4A 7A 72 30 35 48 74 32 78 63 37 78 4E 73 64 6E 73 6B 58 7A 77 75 50 4B 43 6C 55 59 75 33 4D 76 63 32 6D 61 37 6B 45 47 78 77 78 50 70 63 38 49 76 38 41 64 4F 66 56 64 63 2B 35 66 52 2F 5A 39 59 75 2B 71 47 58 66 38 61 45 59 55 31 39 6C 78 4A 56 55 55 45 71 77 70 30 41 44 34 77 4F 7A 75 2B 70 35 2B 65 76 5A 30 39 39 4E 74 77 58 46 51 33 71 68 65 4B 71 4C 55 33 72 59 68 50 49 74 78 75 56 33 2B 6F 69 53 36 56 64 6A 71 69 41 55 6B 49 51 6F 67 5A 42 49 50 49 47 65 51 70 66 5A 73 39 4C 36 4B 58 48 64 2F 77 43 79 33 54 45 7A 46 76 4E 4B 66 65 4C 71 70 66 59 65 77 4C 41 4A 2B 45 45 70 4A 77 50 33 31 63 33 64 4B 65 64 74 62 62 6A 79 57 49 36 6D 6D 6C 72 53 32 70 38 72 77 53 54 6B 44 67 38 6A 2F 47 6A 54 46 45 72 37 76 73 70 48 4E 75 66 7A 34 51 43 71 38 75 64 49 59 71 6B 72 4E 31 41 57 4F 75 52 78 34 34 52 57 53 64 30 6F 33 38 5A 72 33 62 63 6B 42 43 65 39 57 45 6C 54 6D 51 4D 2B 4F 46 61 4E 4D 4F 52 65 4D 6C 39 39 61 77 36 6F 68 61 69 72 4F 66 72 6F 30 37 37 6A 35 77 6A 37 77 65 34 66 4F 4D 58 6C 70 4E 78 49 72 31 61 5A 64 41 4B 77 6C 6F 4B 4A 38 67 61 6B 4E 7A 58 64 41 70 4E 76 39 79 58 6F 37 54 67 42 43 67 74 61 51 44 39 52 67 6B 5A 30 69 74 67 37 76 6C 6D 30 56 4C 6E 70 54 48 6E 4D 4C 4B 48 78 33 67 67 59 38 59 50 67 67 6A 6B 61 35 4F 2B 46 34 4B 75 79 33 33 6D 6C 6B 6D 6E 6E 49 45 70 68 38 48 30 31 45 45 41 4B 41 4F 53 6B 2F 54 78 71 4E 75 6D 55 31 4B 52 4C 4F 42 4F 63 55 68 6F 71 55 71 5A 74 58 77 47 55 52 76 66 79 6D 77 74 35 71 6B 6D 33 70 42 6B 74 73 4F 4B 55 2B 68 50 36 58 46 44 79 70 4F 42 6A 4B 66 6D 6B 38 34 35 48 48 4F 6C 5A 4F 36 4C 31 79 4B 4D 32 33 49 71 45 78 79 6E 51 58 46 4B 61 43 2B 30 49 63 4A 7A 6E 74 42 7A 78 2B 32 4E 52 6A 62 76 72 69 6F 4E 45 39 57 4E 55 4B 67 70 62 39 4E 6C 47 4E 47 43 56 6C 78 61 79 67 59 35 55 63 71 4F 4D 6B 5A 50 79 31 7A 39 39 2F 61 61 4B 6A 75 65 37 78 49 64 53 64 69 73 70 49 55 39 45 67 75 71 4F 53 50 30 6B 4A 49 41 42 2B 65 75 47 31 50 64 53 31 37 45 73 47 47 61 58 55 35 63 6F 43 59 68 51 53 52 72 71 49 61 47 7A 74 76 30 6A 59 2B 55 2F 47 58 4C 51 68 44 71 79 45 4D 4A 51 74 35 31 61 6C 63 34 51 6C 4F 56 66 66 67 61 2F 50 65 79 74 56 2F 65 61 73 55 2B 31 59 6C 4A 71 54 4C 69 6E 45 7A 45 4C 66 59 57 32 6B 42 48 42 79 56 45 65 51 72 67 65 64 52 6A 6F 76 76 70 57 35 44 30 2B 76 49 77 7A 50 6C 70 53 57 57 48 30 6B 50 74 4E 67 35 55 70 57 63 48 4B 6C 45 63 34 38 4A 47 72 50 76 4E 32 33 63 6C 47 62 2F 45 48 5A 79 35 79 50 68 53 35 48 63 39 4D 4E 4B 49 35 77 6F 38 67 45 65 63 61 32 73 61 6B 74 6F 39 42 6E 69 2B 7A 2F 63 43 4B 71 79 44 74 75 56 70 56 63 71 2F 4D 4A 42 6A 70 74 72 7A 62 43 45 71 65 68 68 53 55 67 45 46 77 5A 42 30 61 61 62 2B 30 6C 73 4F 50 72 55 6D 6F 53 6B 70 55 6F 6B 44 33 6C 66 41 30 61 65 42 79 6C 6C 64 2F 70 2B 34 52 7A 51 31 64 33 72 2B 6F 69 64 5A 6E 50 66 30 76 45 50 72 4F 35 2F 46 49 53 66 7A 6E 77 58 63 45 66 79 4E 63 33 64 47 53 34 69 30 72 79 5A 53 34 73 4D 74 79 6F 33 61 32 46 48 74 54 2F 6F 4A 50 41 38 44 52 6F 30 73 4F 2B 74 63 66 65 44 38 6A 71 77 34 52 39 37 48 55 4B 44 46 74 4E 74 78 75 48 45 62 63 63 61 43 31 4B 53 79 6B 4B 55 6F 6E 79 54 6A 6B 36 6D 6B 59 6C 79 53 6B 4B 2B 49 48 6A 42 35 34 79 4E 47 6A 54 45 64 49 77 78 37 4C 33 74 36 6E 6F 6F 44 63 6C 4D 47 47 4A 43 4A 43 41 6C 30 4D 70 37 30 6A 6E 77 63 5A 30 71 56 56 65 57 62 42 67 75 2B 39 53 50 56 55 36 6B 46 66 71 48 75 49 79 6F 65 63 36 4E 47 6C 6D 72 64 4A 42 68 70 30 66 7A 77 69 70 56 2B 62 75 58 58 46 76 69 73 74 4E 58 50 63 4C 62 62 63 35 39 4B 45 4A 71 4C 77 53 6B 42 78 51 41 41 37 75 42 6F 30 61 4E 61 42 47 63 78 2F 2F 39 6B 3D FF FF FF FF FF FF FF FF FF FF FF FF FF FF FF FF 
